# JRE version: Java(TM) SE Runtime Environment (8.0_241-b07) (build 1.8.0_241-b07)
# Java VM: Java HotSpot(TM) 64-Bit Server VM (25.241-b07 mixed mode windows-amd64 compressed oops)
Heap:
 PSYoungGen      total 314368K, used 116431K [0x00000000d7a00000, 0x00000000ec580000, 0x0000000100000000)
  eden space 307712K, 37% used [0x00000000d7a00000,0x00000000debb3f60,0x00000000ea680000)
  from space 6656K, 0% used [0x00000000ea680000,0x00000000ea680000,0x00000000ead00000)
  to   space 15872K, 0% used [0x00000000eb600000,0x00000000eb600000,0x00000000ec580000)
 ParOldGen       total 93696K, used 24413K [0x0000000086e00000, 0x000000008c980000, 0x00000000d7a00000)
  object space 93696K, 26% used [0x0000000086e00000,0x00000000885d76e8,0x000000008c980000)
 Metaspace       used 61657K, capacity 65810K, committed 66264K, reserved 1105920K
  class space    used 8624K, capacity 9394K, committed 9472K, reserved 1048576K
GC Heap History (10 events):
Event: 1147.907 GC heap before
{Heap before GC invocations=18 (full 5):
 PSYoungGen      total 236544K, used 8740K [0x00000000d7a00000, 0x00000000ec780000, 0x0000000100000000)
  eden space 223744K, 0% used [0x00000000d7a00000,0x00000000d7a00000,0x00000000e5480000)
  from space 12800K, 68% used [0x00000000e5480000,0x00000000e5d090e8,0x00000000e6100000)
  to   space 16896K, 0% used [0x00000000eb700000,0x00000000eb700000,0x00000000ec780000)
 ParOldGen       total 93696K, used 26371K [0x0000000086e00000, 0x000000008c980000, 0x00000000d7a00000)
  object space 93696K, 28% used [0x0000000086e00000,0x00000000887c0cc8,0x000000008c980000)
 Metaspace       used 61146K, capacity 65160K, committed 65368K, reserved 1105920K
  class space    used 8565K, capacity 9311K, committed 9344K, reserved 1048576K
Event: 1148.130 GC heap after
Heap after GC invocations=18 (full 5):
 PSYoungGen      total 236544K, used 0K [0x00000000d7a00000, 0x00000000ec780000, 0x0000000100000000)
  eden space 223744K, 0% used [0x00000000d7a00000,0x00000000d7a00000,0x00000000e5480000)
  from space 12800K, 0% used [0x00000000e5480000,0x00000000e5480000,0x00000000e6100000)
  to   space 16896K, 0% used [0x00000000eb700000,0x00000000eb700000,0x00000000ec780000)
 ParOldGen       total 93696K, used 27231K [0x0000000086e00000, 0x000000008c980000, 0x00000000d7a00000)
  object space 93696K, 29% used [0x0000000086e00000,0x0000000088897f48,0x000000008c980000)
 Metaspace       used 61146K, capacity 65160K, committed 65368K, reserved 1105920K
  class space    used 8565K, capacity 9311K, committed 9344K, reserved 1048576K
}
Event: 1694.928 GC heap before
{Heap before GC invocations=19 (full 5):
 PSYoungGen      total 236544K, used 178856K [0x00000000d7a00000, 0x00000000ec780000, 0x0000000100000000)
  eden space 223744K, 79% used [0x00000000d7a00000,0x00000000e28aa208,0x00000000e5480000)
  from space 12800K, 0% used [0x00000000e5480000,0x00000000e5480000,0x00000000e6100000)
  to   space 16896K, 0% used [0x00000000eb700000,0x00000000eb700000,0x00000000ec780000)
 ParOldGen       total 93696K, used 27231K [0x0000000086e00000, 0x000000008c980000, 0x00000000d7a00000)
  object space 93696K, 29% used [0x0000000086e00000,0x0000000088897f48,0x000000008c980000)
 Metaspace       used 61380K, capacity 65536K, committed 65752K, reserved 1105920K
  class space    used 8591K, capacity 9362K, committed 9472K, reserved 1048576K
Event: 1694.939 GC heap after
Heap after GC invocations=19 (full 5):
 PSYoungGen      total 323584K, used 6378K [0x00000000d7a00000, 0x00000000ec680000, 0x0000000100000000)
  eden space 307712K, 0% used [0x00000000d7a00000,0x00000000d7a00000,0x00000000ea680000)
  from space 15872K, 40% used [0x00000000eb700000,0x00000000ebd3ab40,0x00000000ec680000)
  to   space 16384K, 0% used [0x00000000ea680000,0x00000000ea680000,0x00000000eb680000)
 ParOldGen       total 93696K, used 27239K [0x0000000086e00000, 0x000000008c980000, 0x00000000d7a00000)
  object space 93696K, 29% used [0x0000000086e00000,0x0000000088899f48,0x000000008c980000)
 Metaspace       used 61380K, capacity 65536K, committed 65752K, reserved 1105920K
  class space    used 8591K, capacity 9362K, committed 9472K, reserved 1048576K
}
Event: 1694.939 GC heap before
{Heap before GC invocations=20 (full 6):
 PSYoungGen      total 323584K, used 6378K [0x00000000d7a00000, 0x00000000ec680000, 0x0000000100000000)
  eden space 307712K, 0% used [0x00000000d7a00000,0x00000000d7a00000,0x00000000ea680000)
  from space 15872K, 40% used [0x00000000eb700000,0x00000000ebd3ab40,0x00000000ec680000)
  to   space 16384K, 0% used [0x00000000ea680000,0x00000000ea680000,0x00000000eb680000)
 ParOldGen       total 93696K, used 27239K [0x0000000086e00000, 0x000000008c980000, 0x00000000d7a00000)
  object space 93696K, 29% used [0x0000000086e00000,0x0000000088899f48,0x000000008c980000)
 Metaspace       used 61380K, capacity 65536K, committed 65752K, reserved 1105920K
  class space    used 8591K, capacity 9362K, committed 9472K, reserved 1048576K
Event: 1695.138 GC heap after
Heap after GC invocations=20 (full 6):
 PSYoungGen      total 323584K, used 0K [0x00000000d7a00000, 0x00000000ec680000, 0x0000000100000000)
  eden space 307712K, 0% used [0x00000000d7a00000,0x00000000d7a00000,0x00000000ea680000)
  from space 15872K, 0% used [0x00000000eb700000,0x00000000eb700000,0x00000000ec680000)
  to   space 16384K, 0% used [0x00000000ea680000,0x00000000ea680000,0x00000000eb680000)
 ParOldGen       total 93696K, used 25782K [0x0000000086e00000, 0x000000008c980000, 0x00000000d7a00000)
  object space 93696K, 27% used [0x0000000086e00000,0x000000008872db48,0x000000008c980000)
 Metaspace       used 61377K, capacity 65530K, committed 65752K, reserved 1105920K
  class space    used 8591K, capacity 9360K, committed 9472K, reserved 1048576K
}
Event: 2117.152 GC heap before
{Heap before GC invocations=21 (full 6):
 PSYoungGen      total 323584K, used 186583K [0x00000000d7a00000, 0x00000000ec680000, 0x0000000100000000)
  eden space 307712K, 60% used [0x00000000d7a00000,0x00000000e3035ee8,0x00000000ea680000)
  from space 15872K, 0% used [0x00000000eb700000,0x00000000eb700000,0x00000000ec680000)
  to   space 16384K, 0% used [0x00000000ea680000,0x00000000ea680000,0x00000000eb680000)
 ParOldGen       total 93696K, used 25782K [0x0000000086e00000, 0x000000008c980000, 0x00000000d7a00000)
  object space 93696K, 27% used [0x0000000086e00000,0x000000008872db48,0x000000008c980000)
 Metaspace       used 61674K, capacity 65972K, committed 66008K, reserved 1105920K
  class space    used 8626K, capacity 9448K, committed 9472K, reserved 1048576K
Event: 2117.166 GC heap after
Heap after GC invocations=21 (full 6):
 PSYoungGen      total 314368K, used 6538K [0x00000000d7a00000, 0x00000000ec580000, 0x0000000100000000)
  eden space 307712K, 0% used [0x00000000d7a00000,0x00000000d7a00000,0x00000000ea680000)
  from space 6656K, 98% used [0x00000000ea680000,0x00000000eace2bc0,0x00000000ead00000)
  to   space 15872K, 0% used [0x00000000eb600000,0x00000000eb600000,0x00000000ec580000)
 ParOldGen       total 93696K, used 25790K [0x0000000086e00000, 0x000000008c980000, 0x00000000d7a00000)
  object space 93696K, 27% used [0x0000000086e00000,0x000000008872fb48,0x000000008c980000)
 Metaspace       used 61674K, capacity 65972K, committed 66008K, reserved 1105920K
  class space    used 8626K, capacity 9448K, committed 9472K, reserved 1048576K
}
Event: 2117.166 GC heap before
{Heap before GC invocations=22 (full 7):
 PSYoungGen      total 314368K, used 6538K [0x00000000d7a00000, 0x00000000ec580000, 0x0000000100000000)
  eden space 307712K, 0% used [0x00000000d7a00000,0x00000000d7a00000,0x00000000ea680000)
  from space 6656K, 98% used [0x00000000ea680000,0x00000000eace2bc0,0x00000000ead00000)
  to   space 15872K, 0% used [0x00000000eb600000,0x00000000eb600000,0x00000000ec580000)
 ParOldGen       total 93696K, used 25790K [0x0000000086e00000, 0x000000008c980000, 0x00000000d7a00000)
  object space 93696K, 27% used [0x0000000086e00000,0x000000008872fb48,0x000000008c980000)
 Metaspace       used 61674K, capacity 65972K, committed 66008K, reserved 1105920K
  class space    used 8626K, capacity 9448K, committed 9472K, reserved 1048576K
Event: 2117.487 GC heap after
Heap after GC invocations=22 (full 7):
 PSYoungGen      total 314368K, used 0K [0x00000000d7a00000, 0x00000000ec580000, 0x0000000100000000)
  eden space 307712K, 0% used [0x00000000d7a00000,0x00000000d7a00000,0x00000000ea680000)
  from space 6656K, 0% used [0x00000000ea680000,0x00000000ea680000,0x00000000ead00000)
  to   space 15872K, 0% used [0x00000000eb600000,0x00000000eb600000,0x00000000ec580000)
 ParOldGen       total 93696K, used 24413K [0x0000000086e00000, 0x000000008c980000, 0x00000000d7a00000)
  object space 93696K, 26% used [0x0000000086e00000,0x00000000885d76e8,0x000000008c980000)
 Metaspace       used 61477K, capacity 65652K, committed 66008K, reserved 1105920K
  class space    used 8592K, capacity 9385K, committed 9472K, reserved 1048576K
}

