# JRE version: Java(TM) SE Runtime Environment (8.0_241-b07) (build 1.8.0_241-b07)
# Java VM: Java HotSpot(TM) 64-Bit Server VM (25.241-b07 mixed mode windows-amd64 compressed oops)
Heap:
 PSYoungGen      total 226816K, used 15678K [0x00000000d7a00000, 0x00000000e6700000, 0x0000000100000000)
  eden space 216576K, 7% used [0x00000000d7a00000,0x00000000d894fb90,0x00000000e4d80000)
  from space 10240K, 0% used [0x00000000e5d00000,0x00000000e5d00000,0x00000000e6700000)
  to   space 12800K, 0% used [0x00000000e4e00000,0x00000000e4e00000,0x00000000e5a80000)
 ParOldGen       total 48128K, used 21483K [0x0000000086e00000, 0x0000000089d00000, 0x00000000d7a00000)
  object space 48128K, 44% used [0x0000000086e00000,0x00000000882faef8,0x0000000089d00000)
 Metaspace       used 43501K, capacity 45962K, committed 46424K, reserved 1093632K
  class space    used 6009K, capacity 6479K, committed 6528K, reserved 1048576K
GC Heap History (10 events):
Event: 5.413 GC heap before
{Heap before GC invocations=13 (full 3):
 PSYoungGen      total 226816K, used 10212K [0x00000000d7a00000, 0x00000000e6700000, 0x0000000100000000)
  eden space 216576K, 0% used [0x00000000d7a00000,0x00000000d7a00000,0x00000000e4d80000)
  from space 10240K, 99% used [0x00000000e5d00000,0x00000000e66f92a0,0x00000000e6700000)
  to   space 12800K, 0% used [0x00000000e4e00000,0x00000000e4e00000,0x00000000e5a80000)
 ParOldGen       total 48128K, used 16893K [0x0000000086e00000, 0x0000000089d00000, 0x00000000d7a00000)
  object space 48128K, 35% used [0x0000000086e00000,0x0000000087e7f780,0x0000000089d00000)
 Metaspace       used 43598K, capacity 46072K, committed 46168K, reserved 1093632K
  class space    used 6015K, capacity 6483K, committed 6528K, reserved 1048576K
Event: 5.580 GC heap after
Heap after GC invocations=13 (full 3):
 PSYoungGen      total 226816K, used 0K [0x00000000d7a00000, 0x00000000e6700000, 0x0000000100000000)
  eden space 216576K, 0% used [0x00000000d7a00000,0x00000000d7a00000,0x00000000e4d80000)
  from space 10240K, 0% used [0x00000000e5d00000,0x00000000e5d00000,0x00000000e6700000)
  to   space 12800K, 0% used [0x00000000e4e00000,0x00000000e4e00000,0x00000000e5a80000)
 ParOldGen       total 48128K, used 24729K [0x0000000086e00000, 0x0000000089d00000, 0x00000000d7a00000)
  object space 48128K, 51% used [0x0000000086e00000,0x0000000088626540,0x0000000089d00000)
 Metaspace       used 43598K, capacity 46072K, committed 46168K, reserved 1091584K
  class space    used 6015K, capacity 6483K, committed 6528K, reserved 1048576K
}
Event: 5.580 GC heap before
{Heap before GC invocations=14 (full 3):
 PSYoungGen      total 226816K, used 0K [0x00000000d7a00000, 0x00000000e6700000, 0x0000000100000000)
  eden space 216576K, 0% used [0x00000000d7a00000,0x00000000d7a00000,0x00000000e4d80000)
  from space 10240K, 0% used [0x00000000e5d00000,0x00000000e5d00000,0x00000000e6700000)
  to   space 12800K, 0% used [0x00000000e4e00000,0x00000000e4e00000,0x00000000e5a80000)
 ParOldGen       total 48128K, used 24729K [0x0000000086e00000, 0x0000000089d00000, 0x00000000d7a00000)
  object space 48128K, 51% used [0x0000000086e00000,0x0000000088626540,0x0000000089d00000)
 Metaspace       used 43598K, capacity 46072K, committed 46168K, reserved 1095680K
  class space    used 6015K, capacity 6483K, committed 6528K, reserved 1048576K
Event: 5.582 GC heap after
Heap after GC invocations=14 (full 3):
 PSYoungGen      total 229376K, used 0K [0x00000000d7a00000, 0x00000000e6700000, 0x0000000100000000)
  eden space 216576K, 0% used [0x00000000d7a00000,0x00000000d7a00000,0x00000000e4d80000)
  from space 12800K, 0% used [0x00000000e4e00000,0x00000000e4e00000,0x00000000e5a80000)
  to   space 10240K, 0% used [0x00000000e5d00000,0x00000000e5d00000,0x00000000e6700000)
 ParOldGen       total 48128K, used 24729K [0x0000000086e00000, 0x0000000089d00000, 0x00000000d7a00000)
  object space 48128K, 51% used [0x0000000086e00000,0x0000000088626540,0x0000000089d00000)
 Metaspace       used 43598K, capacity 46072K, committed 46168K, reserved 1095680K
  class space    used 6015K, capacity 6483K, committed 6528K, reserved 1048576K
}
Event: 5.582 GC heap before
{Heap before GC invocations=15 (full 4):
 PSYoungGen      total 229376K, used 0K [0x00000000d7a00000, 0x00000000e6700000, 0x0000000100000000)
  eden space 216576K, 0% used [0x00000000d7a00000,0x00000000d7a00000,0x00000000e4d80000)
  from space 12800K, 0% used [0x00000000e4e00000,0x00000000e4e00000,0x00000000e5a80000)
  to   space 10240K, 0% used [0x00000000e5d00000,0x00000000e5d00000,0x00000000e6700000)
 ParOldGen       total 48128K, used 24729K [0x0000000086e00000, 0x0000000089d00000, 0x00000000d7a00000)
  object space 48128K, 51% used [0x0000000086e00000,0x0000000088626540,0x0000000089d00000)
 Metaspace       used 43598K, capacity 46072K, committed 46168K, reserved 1095680K
  class space    used 6015K, capacity 6483K, committed 6528K, reserved 1048576K
Event: 5.638 GC heap after
Heap after GC invocations=15 (full 4):
 PSYoungGen      total 229376K, used 0K [0x00000000d7a00000, 0x00000000e6700000, 0x0000000100000000)
  eden space 216576K, 0% used [0x00000000d7a00000,0x00000000d7a00000,0x00000000e4d80000)
  from space 12800K, 0% used [0x00000000e4e00000,0x00000000e4e00000,0x00000000e5a80000)
  to   space 10240K, 0% used [0x00000000e5d00000,0x00000000e5d00000,0x00000000e6700000)
 ParOldGen       total 48128K, used 24673K [0x0000000086e00000, 0x0000000089d00000, 0x00000000d7a00000)
  object space 48128K, 51% used [0x0000000086e00000,0x00000000886184b0,0x0000000089d00000)
 Metaspace       used 43598K, capacity 46072K, committed 46168K, reserved 1091584K
  class space    used 6015K, capacity 6483K, committed 6528K, reserved 1048576K
}
Event: 5.638 GC heap before
{Heap before GC invocations=16 (full 4):
 PSYoungGen      total 229376K, used 0K [0x00000000d7a00000, 0x00000000e6700000, 0x0000000100000000)
  eden space 216576K, 0% used [0x00000000d7a00000,0x00000000d7a00000,0x00000000e4d80000)
  from space 12800K, 0% used [0x00000000e4e00000,0x00000000e4e00000,0x00000000e5a80000)
  to   space 10240K, 0% used [0x00000000e5d00000,0x00000000e5d00000,0x00000000e6700000)
 ParOldGen       total 48128K, used 24673K [0x0000000086e00000, 0x0000000089d00000, 0x00000000d7a00000)
  object space 48128K, 51% used [0x0000000086e00000,0x00000000886184b0,0x0000000089d00000)
 Metaspace       used 43598K, capacity 46072K, committed 46168K, reserved 1095680K
  class space    used 6015K, capacity 6483K, committed 6528K, reserved 1048576K
Event: 5.640 GC heap after
Heap after GC invocations=16 (full 4):
 PSYoungGen      total 226816K, used 0K [0x00000000d7a00000, 0x00000000e6700000, 0x0000000100000000)
  eden space 216576K, 0% used [0x00000000d7a00000,0x00000000d7a00000,0x00000000e4d80000)
  from space 10240K, 0% used [0x00000000e5d00000,0x00000000e5d00000,0x00000000e6700000)
  to   space 12800K, 0% used [0x00000000e4e00000,0x00000000e4e00000,0x00000000e5a80000)
 ParOldGen       total 48128K, used 24673K [0x0000000086e00000, 0x0000000089d00000, 0x00000000d7a00000)
  object space 48128K, 51% used [0x0000000086e00000,0x00000000886184b0,0x0000000089d00000)
 Metaspace       used 43598K, capacity 46072K, committed 46168K, reserved 1095680K
  class space    used 6015K, capacity 6483K, committed 6528K, reserved 1048576K
}
Event: 5.640 GC heap before
{Heap before GC invocations=17 (full 5):
 PSYoungGen      total 226816K, used 0K [0x00000000d7a00000, 0x00000000e6700000, 0x0000000100000000)
  eden space 216576K, 0% used [0x00000000d7a00000,0x00000000d7a00000,0x00000000e4d80000)
  from space 10240K, 0% used [0x00000000e5d00000,0x00000000e5d00000,0x00000000e6700000)
  to   space 12800K, 0% used [0x00000000e4e00000,0x00000000e4e00000,0x00000000e5a80000)
 ParOldGen       total 48128K, used 24673K [0x0000000086e00000, 0x0000000089d00000, 0x00000000d7a00000)
  object space 48128K, 51% used [0x0000000086e00000,0x00000000886184b0,0x0000000089d00000)
 Metaspace       used 43598K, capacity 46072K, committed 46168K, reserved 1095680K
  class space    used 6015K, capacity 6483K, committed 6528K, reserved 1048576K
Event: 5.744 GC heap after
Heap after GC invocations=17 (full 5):
 PSYoungGen      total 226816K, used 0K [0x00000000d7a00000, 0x00000000e6700000, 0x0000000100000000)
  eden space 216576K, 0% used [0x00000000d7a00000,0x00000000d7a00000,0x00000000e4d80000)
  from space 10240K, 0% used [0x00000000e5d00000,0x00000000e5d00000,0x00000000e6700000)
  to   space 12800K, 0% used [0x00000000e4e00000,0x00000000e4e00000,0x00000000e5a80000)
 ParOldGen       total 48128K, used 21483K [0x0000000086e00000, 0x0000000089d00000, 0x00000000d7a00000)
  object space 48128K, 44% used [0x0000000086e00000,0x00000000882faef8,0x0000000089d00000)
 Metaspace       used 43360K, capacity 45688K, committed 46168K, reserved 1091584K
  class space    used 5975K, capacity 6411K, committed 6528K, reserved 1048576K
}

