# JRE version: Java(TM) SE Runtime Environment (8.0_241-b07) (build 1.8.0_241-b07)
# Java VM: Java HotSpot(TM) 64-Bit Server VM (25.241-b07 mixed mode windows-amd64 compressed oops)
Heap:
 PSYoungGen      total 114688K, used 17853K [0x00000000d7a00000, 0x00000000df480000, 0x0000000100000000)
  eden space 107008K, 16% used [0x00000000d7a00000,0x00000000d8b6f550,0x00000000de280000)
  from space 7680K, 0% used [0x00000000ded00000,0x00000000ded00000,0x00000000df480000)
  to   space 9216K, 0% used [0x00000000de280000,0x00000000de280000,0x00000000deb80000)
 ParOldGen       total 48640K, used 22354K [0x0000000086e00000, 0x0000000089d80000, 0x00000000d7a00000)
  object space 48640K, 45% used [0x0000000086e00000,0x00000000883d4910,0x0000000089d80000)
 Metaspace       used 49225K, capacity 51888K, committed 52184K, reserved 1095680K
  class space    used 6821K, capacity 7342K, committed 7424K, reserved 1048576K
GC Heap History (10 events):
Event: 5.525 GC heap before
{Heap before GC invocations=11 (full 1):
 PSYoungGen      total 116224K, used 62031K [0x00000000d7a00000, 0x00000000df480000, 0x0000000100000000)
  eden space 107008K, 49% used [0x00000000d7a00000,0x00000000dad97f00,0x00000000de280000)
  from space 9216K, 99% used [0x00000000de280000,0x00000000deb7bd18,0x00000000deb80000)
  to   space 7680K, 0% used [0x00000000ded00000,0x00000000ded00000,0x00000000df480000)
 ParOldGen       total 48640K, used 8145K [0x0000000086e00000, 0x0000000089d80000, 0x00000000d7a00000)
  object space 48640K, 16% used [0x0000000086e00000,0x00000000875f4448,0x0000000089d80000)
 Metaspace       used 33171K, capacity 35316K, committed 35416K, reserved 1079296K
  class space    used 4509K, capacity 4892K, committed 4992K, reserved 1048576K
Event: 5.535 GC heap after
Heap after GC invocations=11 (full 1):
 PSYoungGen      total 114688K, used 5264K [0x00000000d7a00000, 0x00000000df480000, 0x0000000100000000)
  eden space 107008K, 0% used [0x00000000d7a00000,0x00000000d7a00000,0x00000000de280000)
  from space 7680K, 68% used [0x00000000ded00000,0x00000000df224048,0x00000000df480000)
  to   space 9216K, 0% used [0x00000000de280000,0x00000000de280000,0x00000000deb80000)
 ParOldGen       total 48640K, used 11597K [0x0000000086e00000, 0x0000000089d80000, 0x00000000d7a00000)
  object space 48640K, 23% used [0x0000000086e00000,0x0000000087953410,0x0000000089d80000)
 Metaspace       used 33171K, capacity 35316K, committed 35416K, reserved 1079296K
  class space    used 4509K, capacity 4892K, committed 4992K, reserved 1048576K
}
Event: 5.535 GC heap before
{Heap before GC invocations=12 (full 2):
 PSYoungGen      total 114688K, used 5264K [0x00000000d7a00000, 0x00000000df480000, 0x0000000100000000)
  eden space 107008K, 0% used [0x00000000d7a00000,0x00000000d7a00000,0x00000000de280000)
  from space 7680K, 68% used [0x00000000ded00000,0x00000000df224048,0x00000000df480000)
  to   space 9216K, 0% used [0x00000000de280000,0x00000000de280000,0x00000000deb80000)
 ParOldGen       total 48640K, used 11597K [0x0000000086e00000, 0x0000000089d80000, 0x00000000d7a00000)
  object space 48640K, 23% used [0x0000000086e00000,0x0000000087953410,0x0000000089d80000)
 Metaspace       used 33171K, capacity 35316K, committed 35416K, reserved 1079296K
  class space    used 4509K, capacity 4892K, committed 4992K, reserved 1048576K
Event: 5.628 GC heap after
Heap after GC invocations=12 (full 2):
 PSYoungGen      total 114688K, used 0K [0x00000000d7a00000, 0x00000000df480000, 0x0000000100000000)
  eden space 107008K, 0% used [0x00000000d7a00000,0x00000000d7a00000,0x00000000de280000)
  from space 7680K, 0% used [0x00000000ded00000,0x00000000ded00000,0x00000000df480000)
  to   space 9216K, 0% used [0x00000000de280000,0x00000000de280000,0x00000000deb80000)
 ParOldGen       total 48640K, used 13849K [0x0000000086e00000, 0x0000000089d80000, 0x00000000d7a00000)
  object space 48640K, 28% used [0x0000000086e00000,0x0000000087b86720,0x0000000089d80000)
 Metaspace       used 33171K, capacity 35316K, committed 35416K, reserved 1079296K
  class space    used 4509K, capacity 4892K, committed 4992K, reserved 1048576K
}
Event: 6.997 GC heap before
{Heap before GC invocations=13 (full 2):
 PSYoungGen      total 114688K, used 107008K [0x00000000d7a00000, 0x00000000df480000, 0x0000000100000000)
  eden space 107008K, 100% used [0x00000000d7a00000,0x00000000de280000,0x00000000de280000)
  from space 7680K, 0% used [0x00000000ded00000,0x00000000ded00000,0x00000000df480000)
  to   space 9216K, 0% used [0x00000000de280000,0x00000000de280000,0x00000000deb80000)
 ParOldGen       total 48640K, used 13849K [0x0000000086e00000, 0x0000000089d80000, 0x00000000d7a00000)
  object space 48640K, 28% used [0x0000000086e00000,0x0000000087b86720,0x0000000089d80000)
 Metaspace       used 42867K, capacity 45356K, committed 45528K, reserved 1089536K
  class space    used 5859K, capacity 6305K, committed 6400K, reserved 1048576K
Event: 7.008 GC heap after
Heap after GC invocations=13 (full 2):
 PSYoungGen      total 116224K, used 9186K [0x00000000d7a00000, 0x00000000df480000, 0x0000000100000000)
  eden space 107008K, 0% used [0x00000000d7a00000,0x00000000d7a00000,0x00000000de280000)
  from space 9216K, 99% used [0x00000000de280000,0x00000000deb788f0,0x00000000deb80000)
  to   space 7680K, 0% used [0x00000000ded00000,0x00000000ded00000,0x00000000df480000)
 ParOldGen       total 48640K, used 16987K [0x0000000086e00000, 0x0000000089d80000, 0x00000000d7a00000)
  object space 48640K, 34% used [0x0000000086e00000,0x0000000087e96fc0,0x0000000089d80000)
 Metaspace       used 42867K, capacity 45356K, committed 45528K, reserved 1089536K
  class space    used 5859K, capacity 6305K, committed 6400K, reserved 1048576K
}
Event: 7.590 GC heap before
{Heap before GC invocations=14 (full 2):
 PSYoungGen      total 116224K, used 67272K [0x00000000d7a00000, 0x00000000df480000, 0x0000000100000000)
  eden space 107008K, 54% used [0x00000000d7a00000,0x00000000db2b9990,0x00000000de280000)
  from space 9216K, 99% used [0x00000000de280000,0x00000000deb788f0,0x00000000deb80000)
  to   space 7680K, 0% used [0x00000000ded00000,0x00000000ded00000,0x00000000df480000)
 ParOldGen       total 48640K, used 16987K [0x0000000086e00000, 0x0000000089d80000, 0x00000000d7a00000)
  object space 48640K, 34% used [0x0000000086e00000,0x0000000087e96fc0,0x0000000089d80000)
 Metaspace       used 48062K, capacity 50594K, committed 50648K, reserved 1097728K
  class space    used 6677K, capacity 7152K, committed 7168K, reserved 1048576K
Event: 7.600 GC heap after
Heap after GC invocations=14 (full 2):
 PSYoungGen      total 114688K, used 5632K [0x00000000d7a00000, 0x00000000df480000, 0x0000000100000000)
  eden space 107008K, 0% used [0x00000000d7a00000,0x00000000d7a00000,0x00000000de280000)
  from space 7680K, 73% used [0x00000000ded00000,0x00000000df280030,0x00000000df480000)
  to   space 9216K, 0% used [0x00000000de280000,0x00000000de280000,0x00000000deb80000)
 ParOldGen       total 48640K, used 21718K [0x0000000086e00000, 0x0000000089d80000, 0x00000000d7a00000)
  object space 48640K, 44% used [0x0000000086e00000,0x0000000088335ab8,0x0000000089d80000)
 Metaspace       used 48062K, capacity 50594K, committed 50648K, reserved 1097728K
  class space    used 6677K, capacity 7152K, committed 7168K, reserved 1048576K
}
Event: 7.600 GC heap before
{Heap before GC invocations=15 (full 3):
 PSYoungGen      total 114688K, used 5632K [0x00000000d7a00000, 0x00000000df480000, 0x0000000100000000)
  eden space 107008K, 0% used [0x00000000d7a00000,0x00000000d7a00000,0x00000000de280000)
  from space 7680K, 73% used [0x00000000ded00000,0x00000000df280030,0x00000000df480000)
  to   space 9216K, 0% used [0x00000000de280000,0x00000000de280000,0x00000000deb80000)
 ParOldGen       total 48640K, used 21718K [0x0000000086e00000, 0x0000000089d80000, 0x00000000d7a00000)
  object space 48640K, 44% used [0x0000000086e00000,0x0000000088335ab8,0x0000000089d80000)
 Metaspace       used 48062K, capacity 50594K, committed 50648K, reserved 1097728K
  class space    used 6677K, capacity 7152K, committed 7168K, reserved 1048576K
Event: 7.787 GC heap after
Heap after GC invocations=15 (full 3):
 PSYoungGen      total 114688K, used 0K [0x00000000d7a00000, 0x00000000df480000, 0x0000000100000000)
  eden space 107008K, 0% used [0x00000000d7a00000,0x00000000d7a00000,0x00000000de280000)
  from space 7680K, 0% used [0x00000000ded00000,0x00000000ded00000,0x00000000df480000)
  to   space 9216K, 0% used [0x00000000de280000,0x00000000de280000,0x00000000deb80000)
 ParOldGen       total 48640K, used 22354K [0x0000000086e00000, 0x0000000089d80000, 0x00000000d7a00000)
  object space 48640K, 45% used [0x0000000086e00000,0x00000000883d4910,0x0000000089d80000)
 Metaspace       used 48062K, capacity 50594K, committed 50648K, reserved 1095680K
  class space    used 6677K, capacity 7152K, committed 7168K, reserved 1048576K
}

