# JRE version: Java(TM) SE Runtime Environment 18.9 (11.0.11+9) (build 11.0.11+9-LTS-194)
# Java VM: Java HotSpot(TM) 64-Bit Server VM 18.9 (11.0.11+9-LTS-194, mixed mode, tiered, compressed oops, g1 gc, windows-amd64)
Heap:
 garbage-first heap   total 181248K, used 23247K [0x0000000086e00000, 0x0000000100000000)
  region size 1024K, 7 young (7168K), 7 survivors (7168K)
 Metaspace       used 59448K, capacity 61257K, committed 61264K, reserved 1114112K
  class space    used 7730K, capacity 8441K, committed 8448K, reserved 1048576K
GC Heap History (10 events):
Event: 5.782 GC heap before
{Heap before GC invocations=9 (full 0):
 garbage-first heap   total 150528K, used 94626K [0x0000000086e00000, 0x0000000100000000)
  region size 1024K, 88 young (90112K), 7 survivors (7168K)
 Metaspace       used 36833K, capacity 38223K, committed 38448K, reserved 1083392K
  class space    used 4654K, capacity 5220K, committed 5248K, reserved 1048576K
}
Event: 5.800 GC heap after
{Heap after GC invocations=10 (full 0):
 garbage-first heap   total 150528K, used 16635K [0x0000000086e00000, 0x0000000100000000)
  region size 1024K, 10 young (10240K), 10 survivors (10240K)
 Metaspace       used 36833K, capacity 38223K, committed 38448K, reserved 1083392K
  class space    used 4654K, capacity 5220K, committed 5248K, reserved 1048576K
}
Event: 5.983 GC heap before
{Heap before GC invocations=10 (full 0):
 garbage-first heap   total 150528K, used 95483K [0x0000000086e00000, 0x0000000100000000)
  region size 1024K, 88 young (90112K), 10 survivors (10240K)
 Metaspace       used 37787K, capacity 39168K, committed 39344K, reserved 1083392K
  class space    used 4763K, capacity 5343K, committed 5376K, reserved 1048576K
}
Event: 5.996 GC heap after
{Heap after GC invocations=11 (full 0):
 garbage-first heap   total 150528K, used 17166K [0x0000000086e00000, 0x0000000100000000)
  region size 1024K, 7 young (7168K), 7 survivors (7168K)
 Metaspace       used 37787K, capacity 39168K, committed 39344K, reserved 1083392K
  class space    used 4763K, capacity 5343K, committed 5376K, reserved 1048576K
}
Event: 6.772 GC heap before
{Heap before GC invocations=11 (full 0):
 garbage-first heap   total 150528K, used 67342K [0x0000000086e00000, 0x0000000100000000)
  region size 1024K, 57 young (58368K), 7 survivors (7168K)
 Metaspace       used 44575K, capacity 46062K, committed 46160K, reserved 1089536K
  class space    used 5725K, capacity 6349K, committed 6400K, reserved 1048576K
}
Event: 6.786 GC heap after
{Heap after GC invocations=12 (full 0):
 garbage-first heap   total 150528K, used 19618K [0x0000000086e00000, 0x0000000100000000)
  region size 1024K, 8 young (8192K), 8 survivors (8192K)
 Metaspace       used 44575K, capacity 46062K, committed 46160K, reserved 1089536K
  class space    used 5725K, capacity 6349K, committed 6400K, reserved 1048576K
}
Event: 8.030 GC heap before
{Heap before GC invocations=13 (full 0):
 garbage-first heap   total 150528K, used 101538K [0x0000000086e00000, 0x0000000100000000)
  region size 1024K, 88 young (90112K), 8 survivors (8192K)
 Metaspace       used 56342K, capacity 57922K, committed 58064K, reserved 1099776K
  class space    used 7344K, capacity 7989K, committed 8064K, reserved 1048576K
}
Event: 8.048 GC heap after
{Heap after GC invocations=14 (full 0):
 garbage-first heap   total 181248K, used 22305K [0x0000000086e00000, 0x0000000100000000)
  region size 1024K, 6 young (6144K), 6 survivors (6144K)
 Metaspace       used 56342K, capacity 57922K, committed 58064K, reserved 1099776K
  class space    used 7344K, capacity 7989K, committed 8064K, reserved 1048576K
}
Event: 8.492 GC heap before
{Heap before GC invocations=15 (full 0):
 garbage-first heap   total 181248K, used 45857K [0x0000000086e00000, 0x0000000100000000)
  region size 1024K, 30 young (30720K), 6 survivors (6144K)
 Metaspace       used 59448K, capacity 61257K, committed 61264K, reserved 1112064K
  class space    used 7730K, capacity 8441K, committed 8448K, reserved 1048576K
}
Event: 8.505 GC heap after
{Heap after GC invocations=16 (full 0):
 garbage-first heap   total 181248K, used 23247K [0x0000000086e00000, 0x0000000100000000)
  region size 1024K, 7 young (7168K), 7 survivors (7168K)
 Metaspace       used 59448K, capacity 61257K, committed 61264K, reserved 1112064K
  class space    used 7730K, capacity 8441K, committed 8448K, reserved 1048576K
}

