# JRE version: Java(TM) SE Runtime Environment (8.0_241-b07) (build 1.8.0_241-b07)
# Java VM: Java HotSpot(TM) 64-Bit Server VM (25.241-b07 mixed mode windows-amd64 compressed oops)
Heap:
 PSYoungGen      total 118784K, used 36553K [0x00000000d7a00000, 0x00000000df780000, 0x0000000100000000)
  eden space 109056K, 24% used [0x00000000d7a00000,0x00000000d947ed38,0x00000000de480000)
  from space 9728K, 96% used [0x00000000de480000,0x00000000dedb3900,0x00000000dee00000)
  to   space 7680K, 0% used [0x00000000df000000,0x00000000df000000,0x00000000df780000)
 ParOldGen       total 47104K, used 6932K [0x0000000086e00000, 0x0000000089c00000, 0x00000000d7a00000)
  object space 47104K, 14% used [0x0000000086e00000,0x00000000874c5350,0x0000000089c00000)
 Metaspace       used 31451K, capacity 33476K, committed 33664K, reserved 1079296K
  class space    used 4329K, capacity 4705K, committed 4736K, reserved 1048576K
GC Heap History (10 events):
Event: 2.163 GC heap before
{Heap before GC invocations=6 (full 0):
 PSYoungGen      total 67584K, used 44984K [0x00000000d7a00000, 0x00000000dc100000, 0x0000000100000000)
  eden space 62464K, 63% used [0x00000000d7a00000,0x00000000da0f5c78,0x00000000db700000)
  from space 5120K, 99% used [0x00000000db700000,0x00000000dbbf83a8,0x00000000dbc00000)
  to   space 5120K, 0% used [0x00000000dbc00000,0x00000000dbc00000,0x00000000dc100000)
 ParOldGen       total 83456K, used 5924K [0x0000000086e00000, 0x000000008bf80000, 0x00000000d7a00000)
  object space 83456K, 7% used [0x0000000086e00000,0x00000000873c9248,0x000000008bf80000)
 Metaspace       used 20209K, capacity 21138K, committed 21248K, reserved 1067008K
  class space    used 2751K, capacity 2989K, committed 3072K, reserved 1048576K
Event: 2.168 GC heap after
Heap after GC invocations=6 (full 0):
 PSYoungGen      total 67584K, used 5105K [0x00000000d7a00000, 0x00000000dc100000, 0x0000000100000000)
  eden space 62464K, 0% used [0x00000000d7a00000,0x00000000d7a00000,0x00000000db700000)
  from space 5120K, 99% used [0x00000000dbc00000,0x00000000dc0fc670,0x00000000dc100000)
  to   space 5120K, 0% used [0x00000000db700000,0x00000000db700000,0x00000000dbc00000)
 ParOldGen       total 83456K, used 6278K [0x0000000086e00000, 0x000000008bf80000, 0x00000000d7a00000)
  object space 83456K, 7% used [0x0000000086e00000,0x00000000874218d8,0x000000008bf80000)
 Metaspace       used 20209K, capacity 21138K, committed 21248K, reserved 1067008K
  class space    used 2751K, capacity 2989K, committed 3072K, reserved 1048576K
}
Event: 2.168 GC heap before
{Heap before GC invocations=7 (full 1):
 PSYoungGen      total 67584K, used 5105K [0x00000000d7a00000, 0x00000000dc100000, 0x0000000100000000)
  eden space 62464K, 0% used [0x00000000d7a00000,0x00000000d7a00000,0x00000000db700000)
  from space 5120K, 99% used [0x00000000dbc00000,0x00000000dc0fc670,0x00000000dc100000)
  to   space 5120K, 0% used [0x00000000db700000,0x00000000db700000,0x00000000dbc00000)
 ParOldGen       total 83456K, used 6278K [0x0000000086e00000, 0x000000008bf80000, 0x00000000d7a00000)
  object space 83456K, 7% used [0x0000000086e00000,0x00000000874218d8,0x000000008bf80000)
 Metaspace       used 20209K, capacity 21138K, committed 21248K, reserved 1067008K
  class space    used 2751K, capacity 2989K, committed 3072K, reserved 1048576K
Event: 2.208 GC heap after
Heap after GC invocations=7 (full 1):
 PSYoungGen      total 67584K, used 0K [0x00000000d7a00000, 0x00000000dc100000, 0x0000000100000000)
  eden space 62464K, 0% used [0x00000000d7a00000,0x00000000d7a00000,0x00000000db700000)
  from space 5120K, 0% used [0x00000000dbc00000,0x00000000dbc00000,0x00000000dc100000)
  to   space 5120K, 0% used [0x00000000db700000,0x00000000db700000,0x00000000dbc00000)
 ParOldGen       total 47104K, used 6362K [0x0000000086e00000, 0x0000000089c00000, 0x00000000d7a00000)
  object space 47104K, 13% used [0x0000000086e00000,0x0000000087436810,0x0000000089c00000)
 Metaspace       used 20209K, capacity 21138K, committed 21248K, reserved 1067008K
  class space    used 2751K, capacity 2989K, committed 3072K, reserved 1048576K
}
Event: 2.624 GC heap before
{Heap before GC invocations=8 (full 1):
 PSYoungGen      total 67584K, used 62464K [0x00000000d7a00000, 0x00000000dc100000, 0x0000000100000000)
  eden space 62464K, 100% used [0x00000000d7a00000,0x00000000db700000,0x00000000db700000)
  from space 5120K, 0% used [0x00000000dbc00000,0x00000000dbc00000,0x00000000dc100000)
  to   space 5120K, 0% used [0x00000000db700000,0x00000000db700000,0x00000000dbc00000)
 ParOldGen       total 47104K, used 6362K [0x0000000086e00000, 0x0000000089c00000, 0x00000000d7a00000)
  object space 47104K, 13% used [0x0000000086e00000,0x0000000087436810,0x0000000089c00000)
 Metaspace       used 23190K, capacity 24218K, committed 24448K, reserved 1071104K
  class space    used 3153K, capacity 3419K, committed 3456K, reserved 1048576K
Event: 2.628 GC heap after
Heap after GC invocations=8 (full 1):
 PSYoungGen      total 67584K, used 5103K [0x00000000d7a00000, 0x00000000df900000, 0x0000000100000000)
  eden space 62464K, 0% used [0x00000000d7a00000,0x00000000d7a00000,0x00000000db700000)
  from space 5120K, 99% used [0x00000000db700000,0x00000000dbbfbcc0,0x00000000dbc00000)
  to   space 9216K, 0% used [0x00000000df000000,0x00000000df000000,0x00000000df900000)
 ParOldGen       total 47104K, used 6916K [0x0000000086e00000, 0x0000000089c00000, 0x00000000d7a00000)
  object space 47104K, 14% used [0x0000000086e00000,0x00000000874c1350,0x0000000089c00000)
 Metaspace       used 23190K, capacity 24218K, committed 24448K, reserved 1071104K
  class space    used 3153K, capacity 3419K, committed 3456K, reserved 1048576K
}
Event: 3.249 GC heap before
{Heap before GC invocations=9 (full 1):
 PSYoungGen      total 67584K, used 67567K [0x00000000d7a00000, 0x00000000df900000, 0x0000000100000000)
  eden space 62464K, 100% used [0x00000000d7a00000,0x00000000db700000,0x00000000db700000)
  from space 5120K, 99% used [0x00000000db700000,0x00000000dbbfbcc0,0x00000000dbc00000)
  to   space 9216K, 0% used [0x00000000df000000,0x00000000df000000,0x00000000df900000)
 ParOldGen       total 47104K, used 6916K [0x0000000086e00000, 0x0000000089c00000, 0x00000000d7a00000)
  object space 47104K, 14% used [0x0000000086e00000,0x00000000874c1350,0x0000000089c00000)
 Metaspace       used 26599K, capacity 27930K, committed 28032K, reserved 1073152K
  class space    used 3670K, capacity 3956K, committed 3968K, reserved 1048576K
Event: 3.259 GC heap after
Heap after GC invocations=9 (full 1):
 PSYoungGen      total 116736K, used 7517K [0x00000000d7a00000, 0x00000000df780000, 0x0000000100000000)
  eden space 109056K, 0% used [0x00000000d7a00000,0x00000000d7a00000,0x00000000de480000)
  from space 7680K, 97% used [0x00000000df000000,0x00000000df757698,0x00000000df780000)
  to   space 9728K, 0% used [0x00000000de480000,0x00000000de480000,0x00000000dee00000)
 ParOldGen       total 47104K, used 6924K [0x0000000086e00000, 0x0000000089c00000, 0x00000000d7a00000)
  object space 47104K, 14% used [0x0000000086e00000,0x00000000874c3350,0x0000000089c00000)
 Metaspace       used 26599K, capacity 27930K, committed 28032K, reserved 1073152K
  class space    used 3670K, capacity 3956K, committed 3968K, reserved 1048576K
}
Event: 3.847 GC heap before
{Heap before GC invocations=10 (full 1):
 PSYoungGen      total 116736K, used 116548K [0x00000000d7a00000, 0x00000000df780000, 0x0000000100000000)
  eden space 109056K, 99% used [0x00000000d7a00000,0x00000000de479d48,0x00000000de480000)
  from space 7680K, 97% used [0x00000000df000000,0x00000000df757698,0x00000000df780000)
  to   space 9728K, 0% used [0x00000000de480000,0x00000000de480000,0x00000000dee00000)
 ParOldGen       total 47104K, used 6924K [0x0000000086e00000, 0x0000000089c00000, 0x00000000d7a00000)
  object space 47104K, 14% used [0x0000000086e00000,0x00000000874c3350,0x0000000089c00000)
 Metaspace       used 30709K, capacity 32606K, committed 32768K, reserved 1077248K
  class space    used 4219K, capacity 4580K, committed 4608K, reserved 1048576K
Event: 3.861 GC heap after
Heap after GC invocations=10 (full 1):
 PSYoungGen      total 118784K, used 9422K [0x00000000d7a00000, 0x00000000df780000, 0x0000000100000000)
  eden space 109056K, 0% used [0x00000000d7a00000,0x00000000d7a00000,0x00000000de480000)
  from space 9728K, 96% used [0x00000000de480000,0x00000000dedb3900,0x00000000dee00000)
  to   space 7680K, 0% used [0x00000000df000000,0x00000000df000000,0x00000000df780000)
 ParOldGen       total 47104K, used 6932K [0x0000000086e00000, 0x0000000089c00000, 0x00000000d7a00000)
  object space 47104K, 14% used [0x0000000086e00000,0x00000000874c5350,0x0000000089c00000)
 Metaspace       used 30709K, capacity 32606K, committed 32768K, reserved 1077248K
  class space    used 4219K, capacity 4580K, committed 4608K, reserved 1048576K
}

