# JRE version: Java(TM) SE Runtime Environment (8.0_241-b07) (build 1.8.0_241-b07)
# Java VM: Java HotSpot(TM) 64-Bit Server VM (25.241-b07 mixed mode windows-amd64 compressed oops)
Heap:
 PSYoungGen      total 116736K, used 45966K [0x00000000d7a00000, 0x00000000df600000, 0x0000000100000000)
  eden space 108544K, 35% used [0x00000000d7a00000,0x00000000d9f823d8,0x00000000de400000)
  from space 8192K, 92% used [0x00000000dee00000,0x00000000df5615a0,0x00000000df600000)
  to   space 9216K, 0% used [0x00000000de400000,0x00000000de400000,0x00000000ded00000)
 ParOldGen       total 48128K, used 7165K [0x0000000086e00000, 0x0000000089d00000, 0x00000000d7a00000)
  object space 48128K, 14% used [0x0000000086e00000,0x00000000874ff420,0x0000000089d00000)
 Metaspace       used 30410K, capacity 32345K, committed 32512K, reserved 1081344K
  class space    used 4202K, capacity 4554K, committed 4608K, reserved 1048576K
GC Heap History (10 events):
Event: 1.951 GC heap before
{Heap before GC invocations=5 (full 0):
 PSYoungGen      total 67584K, used 67537K [0x00000000d7a00000, 0x00000000dc100000, 0x0000000100000000)
  eden space 62464K, 99% used [0x00000000d7a00000,0x00000000db6f9e98,0x00000000db700000)
  from space 5120K, 99% used [0x00000000dbc00000,0x00000000dc0fa5a8,0x00000000dc100000)
  to   space 5120K, 0% used [0x00000000db700000,0x00000000db700000,0x00000000dbc00000)
 ParOldGen       total 83456K, used 1384K [0x0000000086e00000, 0x000000008bf80000, 0x00000000d7a00000)
  object space 83456K, 1% used [0x0000000086e00000,0x0000000086f5a350,0x000000008bf80000)
 Metaspace       used 19558K, capacity 20452K, committed 20608K, reserved 1067008K
  class space    used 2687K, capacity 2888K, committed 2944K, reserved 1048576K
Event: 1.973 GC heap after
Heap after GC invocations=5 (full 0):
 PSYoungGen      total 67584K, used 5088K [0x00000000d7a00000, 0x00000000dc100000, 0x0000000100000000)
  eden space 62464K, 0% used [0x00000000d7a00000,0x00000000d7a00000,0x00000000db700000)
  from space 5120K, 99% used [0x00000000db700000,0x00000000dbbf8110,0x00000000dbc00000)
  to   space 5120K, 0% used [0x00000000dbc00000,0x00000000dbc00000,0x00000000dc100000)
 ParOldGen       total 83456K, used 5738K [0x0000000086e00000, 0x000000008bf80000, 0x00000000d7a00000)
  object space 83456K, 6% used [0x0000000086e00000,0x000000008739ab30,0x000000008bf80000)
 Metaspace       used 19558K, capacity 20452K, committed 20608K, reserved 1067008K
  class space    used 2687K, capacity 2888K, committed 2944K, reserved 1048576K
}
Event: 2.018 GC heap before
{Heap before GC invocations=6 (full 0):
 PSYoungGen      total 67584K, used 46013K [0x00000000d7a00000, 0x00000000dc100000, 0x0000000100000000)
  eden space 62464K, 65% used [0x00000000d7a00000,0x00000000da1f76e0,0x00000000db700000)
  from space 5120K, 99% used [0x00000000db700000,0x00000000dbbf8110,0x00000000dbc00000)
  to   space 5120K, 0% used [0x00000000dbc00000,0x00000000dbc00000,0x00000000dc100000)
 ParOldGen       total 83456K, used 5738K [0x0000000086e00000, 0x000000008bf80000, 0x00000000d7a00000)
  object space 83456K, 6% used [0x0000000086e00000,0x000000008739ab30,0x000000008bf80000)
 Metaspace       used 20188K, capacity 21132K, committed 21248K, reserved 1067008K
  class space    used 2747K, capacity 2986K, committed 3072K, reserved 1048576K
Event: 2.024 GC heap after
Heap after GC invocations=6 (full 0):
 PSYoungGen      total 67584K, used 5105K [0x00000000d7a00000, 0x00000000dc100000, 0x0000000100000000)
  eden space 62464K, 0% used [0x00000000d7a00000,0x00000000d7a00000,0x00000000db700000)
  from space 5120K, 99% used [0x00000000dbc00000,0x00000000dc0fc7f0,0x00000000dc100000)
  to   space 5120K, 0% used [0x00000000db700000,0x00000000db700000,0x00000000dbc00000)
 ParOldGen       total 83456K, used 6363K [0x0000000086e00000, 0x000000008bf80000, 0x00000000d7a00000)
  object space 83456K, 7% used [0x0000000086e00000,0x0000000087436c08,0x000000008bf80000)
 Metaspace       used 20188K, capacity 21132K, committed 21248K, reserved 1067008K
  class space    used 2747K, capacity 2986K, committed 3072K, reserved 1048576K
}
Event: 2.024 GC heap before
{Heap before GC invocations=7 (full 1):
 PSYoungGen      total 67584K, used 5105K [0x00000000d7a00000, 0x00000000dc100000, 0x0000000100000000)
  eden space 62464K, 0% used [0x00000000d7a00000,0x00000000d7a00000,0x00000000db700000)
  from space 5120K, 99% used [0x00000000dbc00000,0x00000000dc0fc7f0,0x00000000dc100000)
  to   space 5120K, 0% used [0x00000000db700000,0x00000000db700000,0x00000000dbc00000)
 ParOldGen       total 83456K, used 6363K [0x0000000086e00000, 0x000000008bf80000, 0x00000000d7a00000)
  object space 83456K, 7% used [0x0000000086e00000,0x0000000087436c08,0x000000008bf80000)
 Metaspace       used 20188K, capacity 21132K, committed 21248K, reserved 1067008K
  class space    used 2747K, capacity 2986K, committed 3072K, reserved 1048576K
Event: 2.058 GC heap after
Heap after GC invocations=7 (full 1):
 PSYoungGen      total 67584K, used 0K [0x00000000d7a00000, 0x00000000dc100000, 0x0000000100000000)
  eden space 62464K, 0% used [0x00000000d7a00000,0x00000000d7a00000,0x00000000db700000)
  from space 5120K, 0% used [0x00000000dbc00000,0x00000000dbc00000,0x00000000dc100000)
  to   space 5120K, 0% used [0x00000000db700000,0x00000000db700000,0x00000000dbc00000)
 ParOldGen       total 48128K, used 6566K [0x0000000086e00000, 0x0000000089d00000, 0x00000000d7a00000)
  object space 48128K, 13% used [0x0000000086e00000,0x0000000087469a28,0x0000000089d00000)
 Metaspace       used 20188K, capacity 21132K, committed 21248K, reserved 1067008K
  class space    used 2747K, capacity 2986K, committed 3072K, reserved 1048576K
}
Event: 2.386 GC heap before
{Heap before GC invocations=8 (full 1):
 PSYoungGen      total 67584K, used 62464K [0x00000000d7a00000, 0x00000000dc100000, 0x0000000100000000)
  eden space 62464K, 100% used [0x00000000d7a00000,0x00000000db700000,0x00000000db700000)
  from space 5120K, 0% used [0x00000000dbc00000,0x00000000dbc00000,0x00000000dc100000)
  to   space 5120K, 0% used [0x00000000db700000,0x00000000db700000,0x00000000dbc00000)
 ParOldGen       total 48128K, used 6566K [0x0000000086e00000, 0x0000000089d00000, 0x00000000d7a00000)
  object space 48128K, 13% used [0x0000000086e00000,0x0000000087469a28,0x0000000089d00000)
 Metaspace       used 23220K, capacity 24218K, committed 24448K, reserved 1071104K
  class space    used 3157K, capacity 3419K, committed 3456K, reserved 1048576K
Event: 2.391 GC heap after
Heap after GC invocations=8 (full 1):
 PSYoungGen      total 67584K, used 5113K [0x00000000d7a00000, 0x00000000df680000, 0x0000000100000000)
  eden space 62464K, 0% used [0x00000000d7a00000,0x00000000d7a00000,0x00000000db700000)
  from space 5120K, 99% used [0x00000000db700000,0x00000000dbbfe4b0,0x00000000dbc00000)
  to   space 8704K, 0% used [0x00000000dee00000,0x00000000dee00000,0x00000000df680000)
 ParOldGen       total 48128K, used 7157K [0x0000000086e00000, 0x0000000089d00000, 0x00000000d7a00000)
  object space 48128K, 14% used [0x0000000086e00000,0x00000000874fd420,0x0000000089d00000)
 Metaspace       used 23220K, capacity 24218K, committed 24448K, reserved 1071104K
  class space    used 3157K, capacity 3419K, committed 3456K, reserved 1048576K
}
Event: 2.934 GC heap before
{Heap before GC invocations=9 (full 1):
 PSYoungGen      total 67584K, used 67577K [0x00000000d7a00000, 0x00000000df680000, 0x0000000100000000)
  eden space 62464K, 100% used [0x00000000d7a00000,0x00000000db700000,0x00000000db700000)
  from space 5120K, 99% used [0x00000000db700000,0x00000000dbbfe4b0,0x00000000dbc00000)
  to   space 8704K, 0% used [0x00000000dee00000,0x00000000dee00000,0x00000000df680000)
 ParOldGen       total 48128K, used 7157K [0x0000000086e00000, 0x0000000089d00000, 0x00000000d7a00000)
  object space 48128K, 14% used [0x0000000086e00000,0x00000000874fd420,0x0000000089d00000)
 Metaspace       used 26648K, capacity 27944K, committed 28032K, reserved 1073152K
  class space    used 3682K, capacity 3961K, committed 3968K, reserved 1048576K
Event: 2.949 GC heap after
Heap after GC invocations=9 (full 1):
 PSYoungGen      total 116736K, used 7557K [0x00000000d7a00000, 0x00000000df600000, 0x0000000100000000)
  eden space 108544K, 0% used [0x00000000d7a00000,0x00000000d7a00000,0x00000000de400000)
  from space 8192K, 92% used [0x00000000dee00000,0x00000000df5615a0,0x00000000df600000)
  to   space 9216K, 0% used [0x00000000de400000,0x00000000de400000,0x00000000ded00000)
 ParOldGen       total 48128K, used 7165K [0x0000000086e00000, 0x0000000089d00000, 0x00000000d7a00000)
  object space 48128K, 14% used [0x0000000086e00000,0x00000000874ff420,0x0000000089d00000)
 Metaspace       used 26648K, capacity 27944K, committed 28032K, reserved 1073152K
  class space    used 3682K, capacity 3961K, committed 3968K, reserved 1048576K
}

