# JRE version: Java(TM) SE Runtime Environment (8.0_241-b07) (build 1.8.0_241-b07)
# Java VM: Java HotSpot(TM) 64-Bit Server VM (25.241-b07 mixed mode windows-amd64 compressed oops)
Heap:
 PSYoungGen      total 230912K, used 48809K [0x00000000d7a00000, 0x00000000e6780000, 0x0000000100000000)
  eden space 218624K, 22% used [0x00000000d7a00000,0x00000000da9aa598,0x00000000e4f80000)
  from space 12288K, 0% used [0x00000000e4f80000,0x00000000e4f80000,0x00000000e5b80000)
  to   space 9728K, 0% used [0x00000000e5e00000,0x00000000e5e00000,0x00000000e6780000)
 ParOldGen       total 48128K, used 14605K [0x0000000086e00000, 0x0000000089d00000, 0x00000000d7a00000)
  object space 48128K, 30% used [0x0000000086e00000,0x0000000087c43450,0x0000000089d00000)
 Metaspace       used 37332K, capacity 39526K, committed 39768K, reserved 1083392K
  class space    used 5218K, capacity 5641K, committed 5760K, reserved 1048576K
GC Heap History (10 events):
Event: 2.497 GC heap before
{Heap before GC invocations=7 (full 1):
 PSYoungGen      total 134144K, used 5812K [0x00000000d7a00000, 0x00000000e0700000, 0x0000000100000000)
  eden space 124928K, 0% used [0x00000000d7a00000,0x00000000d7a00000,0x00000000df400000)
  from space 9216K, 63% used [0x00000000dfe00000,0x00000000e03ad100,0x00000000e0700000)
  to   space 9728K, 0% used [0x00000000df400000,0x00000000df400000,0x00000000dfd80000)
 ParOldGen       total 83456K, used 6047K [0x0000000086e00000, 0x000000008bf80000, 0x00000000d7a00000)
  object space 83456K, 7% used [0x0000000086e00000,0x00000000873e7ff0,0x000000008bf80000)
 Metaspace       used 20266K, capacity 21144K, committed 21248K, reserved 1067008K
  class space    used 2768K, capacity 2988K, committed 3072K, reserved 1048576K
Event: 2.536 GC heap after
Heap after GC invocations=7 (full 1):
 PSYoungGen      total 134144K, used 0K [0x00000000d7a00000, 0x00000000e0700000, 0x0000000100000000)
  eden space 124928K, 0% used [0x00000000d7a00000,0x00000000d7a00000,0x00000000df400000)
  from space 9216K, 0% used [0x00000000dfe00000,0x00000000dfe00000,0x00000000e0700000)
  to   space 9728K, 0% used [0x00000000df400000,0x00000000df400000,0x00000000dfd80000)
 ParOldGen       total 48128K, used 6590K [0x0000000086e00000, 0x0000000089d00000, 0x00000000d7a00000)
  object space 48128K, 13% used [0x0000000086e00000,0x000000008746fa50,0x0000000089d00000)
 Metaspace       used 20266K, capacity 21144K, committed 21248K, reserved 1067008K
  class space    used 2768K, capacity 2988K, committed 3072K, reserved 1048576K
}
Event: 3.420 GC heap before
{Heap before GC invocations=8 (full 1):
 PSYoungGen      total 134144K, used 124928K [0x00000000d7a00000, 0x00000000e0700000, 0x0000000100000000)
  eden space 124928K, 100% used [0x00000000d7a00000,0x00000000df400000,0x00000000df400000)
  from space 9216K, 0% used [0x00000000dfe00000,0x00000000dfe00000,0x00000000e0700000)
  to   space 9728K, 0% used [0x00000000df400000,0x00000000df400000,0x00000000dfd80000)
 ParOldGen       total 48128K, used 6590K [0x0000000086e00000, 0x0000000089d00000, 0x00000000d7a00000)
  object space 48128K, 13% used [0x0000000086e00000,0x000000008746fa50,0x0000000089d00000)
 Metaspace       used 26667K, capacity 28042K, committed 28160K, reserved 1073152K
  class space    used 3693K, capacity 3992K, committed 4096K, reserved 1048576K
Event: 3.433 GC heap after
Heap after GC invocations=8 (full 1):
 PSYoungGen      total 134656K, used 9696K [0x00000000d7a00000, 0x00000000e6980000, 0x0000000100000000)
  eden space 124928K, 0% used [0x00000000d7a00000,0x00000000d7a00000,0x00000000df400000)
  from space 9728K, 99% used [0x00000000df400000,0x00000000dfd78230,0x00000000dfd80000)
  to   space 11776K, 0% used [0x00000000e5e00000,0x00000000e5e00000,0x00000000e6980000)
 ParOldGen       total 48128K, used 8248K [0x0000000086e00000, 0x0000000089d00000, 0x00000000d7a00000)
  object space 48128K, 17% used [0x0000000086e00000,0x000000008760e1e0,0x0000000089d00000)
 Metaspace       used 26667K, capacity 28042K, committed 28160K, reserved 1073152K
  class space    used 3693K, capacity 3992K, committed 4096K, reserved 1048576K
}
Event: 3.874 GC heap before
{Heap before GC invocations=9 (full 1):
 PSYoungGen      total 134656K, used 134624K [0x00000000d7a00000, 0x00000000e6980000, 0x0000000100000000)
  eden space 124928K, 100% used [0x00000000d7a00000,0x00000000df400000,0x00000000df400000)
  from space 9728K, 99% used [0x00000000df400000,0x00000000dfd78230,0x00000000dfd80000)
  to   space 11776K, 0% used [0x00000000e5e00000,0x00000000e5e00000,0x00000000e6980000)
 ParOldGen       total 48128K, used 8248K [0x0000000086e00000, 0x0000000089d00000, 0x00000000d7a00000)
  object space 48128K, 17% used [0x0000000086e00000,0x000000008760e1e0,0x0000000089d00000)
 Metaspace       used 30802K, capacity 32682K, committed 32768K, reserved 1077248K
  class space    used 4236K, capacity 4582K, committed 4608K, reserved 1048576K
Event: 3.885 GC heap after
Heap after GC invocations=9 (full 1):
 PSYoungGen      total 228352K, used 9391K [0x00000000d7a00000, 0x00000000e6780000, 0x0000000100000000)
  eden space 218624K, 0% used [0x00000000d7a00000,0x00000000d7a00000,0x00000000e4f80000)
  from space 9728K, 96% used [0x00000000e5e00000,0x00000000e672bf48,0x00000000e6780000)
  to   space 12288K, 0% used [0x00000000e4f80000,0x00000000e4f80000,0x00000000e5b80000)
 ParOldGen       total 48128K, used 8256K [0x0000000086e00000, 0x0000000089d00000, 0x00000000d7a00000)
  object space 48128K, 17% used [0x0000000086e00000,0x00000000876101e0,0x0000000089d00000)
 Metaspace       used 30802K, capacity 32682K, committed 32768K, reserved 1077248K
  class space    used 4236K, capacity 4582K, committed 4608K, reserved 1048576K
}
Event: 4.151 GC heap before
{Heap before GC invocations=10 (full 1):
 PSYoungGen      total 228352K, used 44750K [0x00000000d7a00000, 0x00000000e6780000, 0x0000000100000000)
  eden space 218624K, 16% used [0x00000000d7a00000,0x00000000d9c879a0,0x00000000e4f80000)
  from space 9728K, 96% used [0x00000000e5e00000,0x00000000e672bf48,0x00000000e6780000)
  to   space 12288K, 0% used [0x00000000e4f80000,0x00000000e4f80000,0x00000000e5b80000)
 ParOldGen       total 48128K, used 8256K [0x0000000086e00000, 0x0000000089d00000, 0x00000000d7a00000)
  object space 48128K, 17% used [0x0000000086e00000,0x00000000876101e0,0x0000000089d00000)
 Metaspace       used 33314K, capacity 35284K, committed 35416K, reserved 1079296K
  class space    used 4552K, capacity 4915K, committed 4992K, reserved 1048576K
Event: 4.163 GC heap after
Heap after GC invocations=10 (full 1):
 PSYoungGen      total 230912K, used 9518K [0x00000000d7a00000, 0x00000000e6780000, 0x0000000100000000)
  eden space 218624K, 0% used [0x00000000d7a00000,0x00000000d7a00000,0x00000000e4f80000)
  from space 12288K, 77% used [0x00000000e4f80000,0x00000000e58cb908,0x00000000e5b80000)
  to   space 9728K, 0% used [0x00000000e5e00000,0x00000000e5e00000,0x00000000e6780000)
 ParOldGen       total 48128K, used 8264K [0x0000000086e00000, 0x0000000089d00000, 0x00000000d7a00000)
  object space 48128K, 17% used [0x0000000086e00000,0x00000000876121e0,0x0000000089d00000)
 Metaspace       used 33314K, capacity 35284K, committed 35416K, reserved 1079296K
  class space    used 4552K, capacity 4915K, committed 4992K, reserved 1048576K
}
Event: 4.163 GC heap before
{Heap before GC invocations=11 (full 2):
 PSYoungGen      total 230912K, used 9518K [0x00000000d7a00000, 0x00000000e6780000, 0x0000000100000000)
  eden space 218624K, 0% used [0x00000000d7a00000,0x00000000d7a00000,0x00000000e4f80000)
  from space 12288K, 77% used [0x00000000e4f80000,0x00000000e58cb908,0x00000000e5b80000)
  to   space 9728K, 0% used [0x00000000e5e00000,0x00000000e5e00000,0x00000000e6780000)
 ParOldGen       total 48128K, used 8264K [0x0000000086e00000, 0x0000000089d00000, 0x00000000d7a00000)
  object space 48128K, 17% used [0x0000000086e00000,0x00000000876121e0,0x0000000089d00000)
 Metaspace       used 33314K, capacity 35284K, committed 35416K, reserved 1079296K
  class space    used 4552K, capacity 4915K, committed 4992K, reserved 1048576K
Event: 4.239 GC heap after
Heap after GC invocations=11 (full 2):
 PSYoungGen      total 230912K, used 0K [0x00000000d7a00000, 0x00000000e6780000, 0x0000000100000000)
  eden space 218624K, 0% used [0x00000000d7a00000,0x00000000d7a00000,0x00000000e4f80000)
  from space 12288K, 0% used [0x00000000e4f80000,0x00000000e4f80000,0x00000000e5b80000)
  to   space 9728K, 0% used [0x00000000e5e00000,0x00000000e5e00000,0x00000000e6780000)
 ParOldGen       total 48128K, used 14605K [0x0000000086e00000, 0x0000000089d00000, 0x00000000d7a00000)
  object space 48128K, 30% used [0x0000000086e00000,0x0000000087c43450,0x0000000089d00000)
 Metaspace       used 33314K, capacity 35284K, committed 35416K, reserved 1079296K
  class space    used 4552K, capacity 4915K, committed 4992K, reserved 1048576K
}

