# JRE version: Java(TM) SE Runtime Environment (8.0_241-b07) (build 1.8.0_241-b07)
# Java VM: Java HotSpot(TM) 64-Bit Server VM (25.241-b07 mixed mode windows-amd64 compressed oops)
Heap:
 PSYoungGen      total 129024K, used 27333K [0x00000000f5580000, 0x00000000ffe80000, 0x0000000100000000)
  eden space 105472K, 11% used [0x00000000f5580000,0x00000000f61a8a98,0x00000000fbc80000)
  from space 23552K, 63% used [0x00000000fd380000,0x00000000fe20e8f8,0x00000000fea80000)
  to   space 23552K, 0% used [0x00000000fbc80000,0x00000000fbc80000,0x00000000fd380000)
 ParOldGen       total 203776K, used 43029K [0x00000000e0000000, 0x00000000ec700000, 0x00000000f5580000)
  object space 203776K, 21% used [0x00000000e0000000,0x00000000e2a05548,0x00000000ec700000)
 Metaspace       used 71592K, capacity 79166K, committed 79360K, reserved 1118208K
  class space    used 9954K, capacity 11232K, committed 11264K, reserved 1048576K
GC Heap History (10 events):
Event: 2518.271 GC heap before
{Heap before GC invocations=21 (full 3):
 PSYoungGen      total 126976K, used 126477K [0x00000000f5580000, 0x00000000ff580000, 0x0000000100000000)
  eden space 113664K, 100% used [0x00000000f5580000,0x00000000fc480000,0x00000000fc480000)
  from space 13312K, 96% used [0x00000000fc680000,0x00000000fd3037b0,0x00000000fd380000)
  to   space 25088K, 0% used [0x00000000fdd00000,0x00000000fdd00000,0x00000000ff580000)
 ParOldGen       total 203776K, used 42997K [0x00000000e0000000, 0x00000000ec700000, 0x00000000f5580000)
  object space 203776K, 21% used [0x00000000e0000000,0x00000000e29fd548,0x00000000ec700000)
 Metaspace       used 62030K, capacity 68636K, committed 68864K, reserved 1107968K
  class space    used 8621K, capacity 9706K, committed 9728K, reserved 1048576K
Event: 2518.295 GC heap after
Heap after GC invocations=21 (full 3):
 PSYoungGen      total 132608K, used 12701K [0x00000000f5580000, 0x00000000ff180000, 0x0000000100000000)
  eden space 111616K, 0% used [0x00000000f5580000,0x00000000f5580000,0x00000000fc280000)
  from space 20992K, 60% used [0x00000000fdd00000,0x00000000fe967408,0x00000000ff180000)
  to   space 24064K, 0% used [0x00000000fc280000,0x00000000fc280000,0x00000000fda00000)
 ParOldGen       total 203776K, used 43005K [0x00000000e0000000, 0x00000000ec700000, 0x00000000f5580000)
  object space 203776K, 21% used [0x00000000e0000000,0x00000000e29ff548,0x00000000ec700000)
 Metaspace       used 62030K, capacity 68636K, committed 68864K, reserved 1107968K
  class space    used 8621K, capacity 9706K, committed 9728K, reserved 1048576K
}
Event: 2697.796 GC heap before
{Heap before GC invocations=22 (full 3):
 PSYoungGen      total 132608K, used 124317K [0x00000000f5580000, 0x00000000ff180000, 0x0000000100000000)
  eden space 111616K, 100% used [0x00000000f5580000,0x00000000fc280000,0x00000000fc280000)
  from space 20992K, 60% used [0x00000000fdd00000,0x00000000fe967408,0x00000000ff180000)
  to   space 24064K, 0% used [0x00000000fc280000,0x00000000fc280000,0x00000000fda00000)
 ParOldGen       total 203776K, used 43005K [0x00000000e0000000, 0x00000000ec700000, 0x00000000f5580000)
  object space 203776K, 21% used [0x00000000e0000000,0x00000000e29ff548,0x00000000ec700000)
 Metaspace       used 62464K, capacity 68996K, committed 69120K, reserved 1107968K
  class space    used 8622K, capacity 9708K, committed 9728K, reserved 1048576K
Event: 2697.810 GC heap after
Heap after GC invocations=22 (full 3):
 PSYoungGen      total 113664K, used 3936K [0x00000000f5580000, 0x00000000ff080000, 0x0000000100000000)
  eden space 109568K, 0% used [0x00000000f5580000,0x00000000f5580000,0x00000000fc080000)
  from space 4096K, 96% used [0x00000000fc280000,0x00000000fc658000,0x00000000fc680000)
  to   space 24576K, 0% used [0x00000000fd880000,0x00000000fd880000,0x00000000ff080000)
 ParOldGen       total 203776K, used 43013K [0x00000000e0000000, 0x00000000ec700000, 0x00000000f5580000)
  object space 203776K, 21% used [0x00000000e0000000,0x00000000e2a01548,0x00000000ec700000)
 Metaspace       used 62464K, capacity 68996K, committed 69120K, reserved 1107968K
  class space    used 8622K, capacity 9708K, committed 9728K, reserved 1048576K
}
Event: 2934.208 GC heap before
{Heap before GC invocations=23 (full 3):
 PSYoungGen      total 113664K, used 113504K [0x00000000f5580000, 0x00000000ff080000, 0x0000000100000000)
  eden space 109568K, 100% used [0x00000000f5580000,0x00000000fc080000,0x00000000fc080000)
  from space 4096K, 96% used [0x00000000fc280000,0x00000000fc658000,0x00000000fc680000)
  to   space 24576K, 0% used [0x00000000fd880000,0x00000000fd880000,0x00000000ff080000)
 ParOldGen       total 203776K, used 43013K [0x00000000e0000000, 0x00000000ec700000, 0x00000000f5580000)
  object space 203776K, 21% used [0x00000000e0000000,0x00000000e2a01548,0x00000000ec700000)
 Metaspace       used 64510K, capacity 71340K, committed 71552K, reserved 1110016K
  class space    used 8921K, capacity 10073K, committed 10112K, reserved 1048576K
Event: 2934.225 GC heap after
Heap after GC invocations=23 (full 3):
 PSYoungGen      total 130048K, used 5563K [0x00000000f5580000, 0x00000000fee80000, 0x0000000100000000)
  eden space 107520K, 0% used [0x00000000f5580000,0x00000000f5580000,0x00000000fbe80000)
  from space 22528K, 24% used [0x00000000fd880000,0x00000000fddeef90,0x00000000fee80000)
  to   space 24576K, 0% used [0x00000000fbe80000,0x00000000fbe80000,0x00000000fd680000)
 ParOldGen       total 203776K, used 43013K [0x00000000e0000000, 0x00000000ec700000, 0x00000000f5580000)
  object space 203776K, 21% used [0x00000000e0000000,0x00000000e2a01548,0x00000000ec700000)
 Metaspace       used 64510K, capacity 71340K, committed 71552K, reserved 1110016K
  class space    used 8921K, capacity 10073K, committed 10112K, reserved 1048576K
}
Event: 2935.281 GC heap before
{Heap before GC invocations=24 (full 3):
 PSYoungGen      total 130048K, used 113083K [0x00000000f5580000, 0x00000000fee80000, 0x0000000100000000)
  eden space 107520K, 100% used [0x00000000f5580000,0x00000000fbe80000,0x00000000fbe80000)
  from space 22528K, 24% used [0x00000000fd880000,0x00000000fddeef90,0x00000000fee80000)
  to   space 24576K, 0% used [0x00000000fbe80000,0x00000000fbe80000,0x00000000fd680000)
 ParOldGen       total 203776K, used 43013K [0x00000000e0000000, 0x00000000ec700000, 0x00000000f5580000)
  object space 203776K, 21% used [0x00000000e0000000,0x00000000e2a01548,0x00000000ec700000)
 Metaspace       used 68586K, capacity 75640K, committed 75776K, reserved 1114112K
  class space    used 9520K, capacity 10678K, committed 10752K, reserved 1048576K
Event: 2935.306 GC heap after
Heap after GC invocations=24 (full 3):
 PSYoungGen      total 116736K, used 10764K [0x00000000f5580000, 0x00000000fea80000, 0x0000000100000000)
  eden space 105472K, 0% used [0x00000000f5580000,0x00000000f5580000,0x00000000fbc80000)
  from space 11264K, 95% used [0x00000000fbe80000,0x00000000fc903100,0x00000000fc980000)
  to   space 23552K, 0% used [0x00000000fd380000,0x00000000fd380000,0x00000000fea80000)
 ParOldGen       total 203776K, used 43021K [0x00000000e0000000, 0x00000000ec700000, 0x00000000f5580000)
  object space 203776K, 21% used [0x00000000e0000000,0x00000000e2a03548,0x00000000ec700000)
 Metaspace       used 68586K, capacity 75640K, committed 75776K, reserved 1114112K
  class space    used 9520K, capacity 10678K, committed 10752K, reserved 1048576K
}
Event: 2936.154 GC heap before
{Heap before GC invocations=25 (full 3):
 PSYoungGen      total 116736K, used 116236K [0x00000000f5580000, 0x00000000fea80000, 0x0000000100000000)
  eden space 105472K, 100% used [0x00000000f5580000,0x00000000fbc80000,0x00000000fbc80000)
  from space 11264K, 95% used [0x00000000fbe80000,0x00000000fc903100,0x00000000fc980000)
  to   space 23552K, 0% used [0x00000000fd380000,0x00000000fd380000,0x00000000fea80000)
 ParOldGen       total 203776K, used 43021K [0x00000000e0000000, 0x00000000ec700000, 0x00000000f5580000)
  object space 203776K, 21% used [0x00000000e0000000,0x00000000e2a03548,0x00000000ec700000)
 Metaspace       used 70854K, capacity 78468K, committed 78720K, reserved 1116160K
  class space    used 9856K, capacity 11131K, committed 11136K, reserved 1048576K
Event: 2936.185 GC heap after
Heap after GC invocations=25 (full 3):
 PSYoungGen      total 129024K, used 14906K [0x00000000f5580000, 0x00000000ffe80000, 0x0000000100000000)
  eden space 105472K, 0% used [0x00000000f5580000,0x00000000f5580000,0x00000000fbc80000)
  from space 23552K, 63% used [0x00000000fd380000,0x00000000fe20e8f8,0x00000000fea80000)
  to   space 23552K, 0% used [0x00000000fbc80000,0x00000000fbc80000,0x00000000fd380000)
 ParOldGen       total 203776K, used 43029K [0x00000000e0000000, 0x00000000ec700000, 0x00000000f5580000)
  object space 203776K, 21% used [0x00000000e0000000,0x00000000e2a05548,0x00000000ec700000)
 Metaspace       used 70854K, capacity 78468K, committed 78720K, reserved 1116160K
  class space    used 9856K, capacity 11131K, committed 11136K, reserved 1048576K
}

